** BEGIN OUTPUT ** 
 
Using PORT number 80 
 
** Delete all Employee objects to start fresh 
0 
 
** Insert one Employee object 
Error during inserting one or more given entities of class Emp: Error running instance method
com.softwaretree.jdx.JDXSQLException: Cannot add or update a child row: a foreign key constraint fails (`test`.`employees`, CONSTRAINT `JDX_FK_com_mycompany_gilhari5_Dept_listEmp` FOREIGN KEY (`department_id`) REFERENCES `departments` (`id`)).  SQLException details follow.  SQLState: 23000; Message:  Cannot add or update a child row: a foreign key constraint fails (`test`.`employees`, CONSTRAINT `JDX_FK_com_mycompany_gilhari5_Dept_listEmp` FOREIGN KEY (`department_id`) REFERENCES `departments` (`id`)); Vendor code:   1452
	at com.softwaretree.jdx.JDXSImpl.insert(SourceFile:1001)
	at com.softwaretree.jdx.JDXHelper.insert(SourceFile:476)
	at sun.reflect.NativeMethodAccessorImpl.invoke0(Native Method)
	at sun.reflect.NativeMethodAccessorImpl.invoke(NativeMethodAccessorImpl.java:62)
	at sun.reflect.DelegatingMethodAccessorImpl.invoke(DelegatingMethodAccessorImpl.java:43)
	at java.lang.reflect.Method.invoke(Method.java:498)
	at node.MethodCallBaton.invokeMethod(MethodCallBaton.java:13)
 
 
** Insert multiple (three) Employee objects 
Error during inserting one or more given entities of class Emp: Error running instance method
com.softwaretree.jdx.JDXSQLException: Cannot add or update a child row: a foreign key constraint fails (`test`.`employees`, CONSTRAINT `JDX_FK_com_mycompany_gilhari5_Dept_listEmp` FOREIGN KEY (`department_id`) REFERENCES `departments` (`id`)).  SQLException details follow.  SQLState: 23000; Message:  Cannot add or update a child row: a foreign key constraint fails (`test`.`employees`, CONSTRAINT `JDX_FK_com_mycompany_gilhari5_Dept_listEmp` FOREIGN KEY (`department_id`) REFERENCES `departments` (`id`)); Vendor code:   1452
	at com.softwaretree.jdx.JDXSImpl.insert(SourceFile:1001)
	at com.softwaretree.jdx.JDXHelper.insert(SourceFile:476)
	at sun.reflect.NativeMethodAccessorImpl.invoke0(Native Method)
	at sun.reflect.NativeMethodAccessorImpl.invoke(NativeMethodAccessorImpl.java:62)
	at sun.reflect.DelegatingMethodAccessorImpl.invoke(DelegatingMethodAccessorImpl.java:43)
	at java.lang.reflect.Method.invoke(Method.java:498)
	at node.MethodCallBaton.invokeMethod(MethodCallBaton.java:13)
 
 
** Query all Employee objects 
[] 
 
** END OUTPUT ** 
 
